TN:
SF:src\metrics\license.ts
FN:4,extractLicenseFromReadme
FN:11,extractLicenseInfo
FN:46,isLGPLv21
FNF:3
FNH:3
FNDA:3,extractLicenseFromReadme
FNDA:4,extractLicenseInfo
FNDA:3,isLGPLv21
DA:1,1
DA:4,1
DA:5,3
DA:6,3
DA:7,3
DA:11,1
DA:12,4
DA:14,4
DA:15,3
DA:16,3
DA:19,2
DA:20,2
DA:21,2
DA:22,2
DA:27,2
DA:28,2
DA:31,1
DA:32,1
DA:33,1
DA:34,1
DA:38,1
DA:46,1
DA:47,3
DA:48,3
LF:24
LH:24
BRDA:7,0,0,2
BRDA:7,0,1,1
BRDA:14,1,0,3
BRDA:16,2,0,2
BRDA:28,3,0,1
BRDA:48,4,0,0
BRDA:48,4,1,3
BRF:7
BRH:6
end_of_record
